JVM info: Microsoft - 21.0.7 - 21.0.7+6-LTS
java.net.preferIPv4Stack=true
Current Time: 25/03/2026 19:42:33
Host: maven.neoforged.net [79.127.178.54, 185.93.2.11, 79.127.178.161, 79.127.178.167, 185.93.2.8, 79.127.178.57]
Host: libraries.minecraft.net [13.107.226.42, 13.107.253.42]
Host: launchermeta.mojang.com [13.107.226.42, 13.107.253.42]
Host: piston-meta.mojang.com [13.107.226.42, 13.107.253.42]
Host: sessionserver.mojang.com [13.107.226.42, 13.107.253.42]
Found java version 21.0.7
Target Directory: C:\Users\ramse\AppData\Roaming\.majestycraft
Extracting json
Considering minecraft client jar
Downloading libraries
Found 1 additional library directories
Considering library net.neoforged.fancymodloader:earlydisplay:10.0.36
File C:\Users\ramse\AppData\Roaming\.majestycraft\libraries\net\neoforged\fancymodloader\earlydisplay\10.0.36\earlydisplay-10.0.36.jar exists. Checksum valid.
Considering library net.neoforged.fancymodloader:loader:10.0.36
File C:\Users\ramse\AppData\Roaming\.majestycraft\libraries\net\neoforged\fancymodloader\loader\10.0.36\loader-10.0.36.jar exists. Checksum valid.
Considering library net.neoforged:accesstransformers:11.0.2
File C:\Users\ramse\AppData\Roaming\.majestycraft\libraries\net\neoforged\accesstransformers\11.0.2\accesstransformers-11.0.2.jar exists. Checksum valid.
Considering library org.ow2.asm:asm-commons:9.8
File C:\Users\ramse\AppData\Roaming\.majestycraft\libraries\org\ow2\asm\asm-commons\9.8\asm-commons-9.8.jar exists. Checksum valid.
Considering library net.neoforged:mergetool:2.0.0:api
File C:\Users\ramse\AppData\Roaming\.majestycraft\libraries\net\neoforged\mergetool\2.0.0\mergetool-2.0.0-api.jar exists. Checksum valid.
Considering library org.ow2.asm:asm-util:9.8
File C:\Users\ramse\AppData\Roaming\.majestycraft\libraries\org\ow2\asm\asm-util\9.8\asm-util-9.8.jar exists. Checksum valid.
Considering library org.ow2.asm:asm-analysis:9.8
File C:\Users\ramse\AppData\Roaming\.majestycraft\libraries\org\ow2\asm\asm-analysis\9.8\asm-analysis-9.8.jar exists. Checksum valid.
Considering library org.ow2.asm:asm-tree:9.8
File C:\Users\ramse\AppData\Roaming\.majestycraft\libraries\org\ow2\asm\asm-tree\9.8\asm-tree-9.8.jar exists. Checksum valid.
Considering library net.neoforged:bus:8.0.5
File C:\Users\ramse\AppData\Roaming\.majestycraft\libraries\net\neoforged\bus\8.0.5\bus-8.0.5.jar exists. Checksum valid.
Considering library org.ow2.asm:asm:9.8
File C:\Users\ramse\AppData\Roaming\.majestycraft\libraries\org\ow2\asm\asm\9.8\asm-9.8.jar exists. Checksum valid.
Considering library com.electronwill.night-config:toml:3.8.3
File C:\Users\ramse\AppData\Roaming\.majestycraft\libraries\com\electronwill\night-config\toml\3.8.3\toml-3.8.3.jar exists. Checksum valid.
Considering library com.electronwill.night-config:core:3.8.3
File C:\Users\ramse\AppData\Roaming\.majestycraft\libraries\com\electronwill\night-config\core\3.8.3\core-3.8.3.jar exists. Checksum valid.
Considering library net.neoforged:JarJarSelector:0.5.0
File C:\Users\ramse\AppData\Roaming\.majestycraft\libraries\net\neoforged\JarJarSelector\0.5.0\JarJarSelector-0.5.0.jar exists. Checksum valid.
Considering library net.neoforged:JarJarMetadata:0.5.0
File C:\Users\ramse\AppData\Roaming\.majestycraft\libraries\net\neoforged\JarJarMetadata\0.5.0\JarJarMetadata-0.5.0.jar exists. Checksum valid.
Considering library org.apache.maven:maven-artifact:3.9.9
File C:\Users\ramse\AppData\Roaming\.majestycraft\libraries\org\apache\maven\maven-artifact\3.9.9\maven-artifact-3.9.9.jar exists. Checksum valid.
Considering library net.jodah:typetools:0.6.3
File C:\Users\ramse\AppData\Roaming\.majestycraft\libraries\net\jodah\typetools\0.6.3\typetools-0.6.3.jar exists. Checksum valid.
Considering library net.minecrell:terminalconsoleappender:1.3.0
File C:\Users\ramse\AppData\Roaming\.majestycraft\libraries\net\minecrell\terminalconsoleappender\1.3.0\terminalconsoleappender-1.3.0.jar exists. Checksum valid.
Considering library net.fabricmc:sponge-mixin:0.16.5+mixin.0.8.7
File C:\Users\ramse\AppData\Roaming\.majestycraft\libraries\net\fabricmc\sponge-mixin\0.16.5+mixin.0.8.7\sponge-mixin-0.16.5+mixin.0.8.7.jar exists. Checksum valid.
Considering library net.neoforged.accesstransformers:at-parser:11.0.2
File C:\Users\ramse\AppData\Roaming\.majestycraft\libraries\net\neoforged\accesstransformers\at-parser\11.0.2\at-parser-11.0.2.jar exists. Checksum valid.
Considering library org.jline:jline-reader:3.20.0
File C:\Users\ramse\AppData\Roaming\.majestycraft\libraries\org\jline\jline-reader\3.20.0\jline-reader-3.20.0.jar exists. Checksum valid.
Considering library org.jline:jline-terminal:3.20.0
File C:\Users\ramse\AppData\Roaming\.majestycraft\libraries\org\jline\jline-terminal\3.20.0\jline-terminal-3.20.0.jar exists. Checksum valid.
Considering library net.minecraftforge:srgutils:0.4.15
File C:\Users\ramse\AppData\Roaming\.majestycraft\libraries\net\minecraftforge\srgutils\0.4.15\srgutils-0.4.15.jar exists. Checksum valid.
Considering library com.google.guava:listenablefuture:9999.0-empty-to-avoid-conflict-with-guava
File C:\Users\ramse\AppData\Roaming\.majestycraft\libraries\com\google\guava\listenablefuture\9999.0-empty-to-avoid-conflict-with-guava\listenablefuture-9999.0-empty-to-avoid-conflict-with-guava.jar exists. Checksum valid.
Considering library com.google.errorprone:error_prone_annotations:2.41.0
File C:\Users\ramse\AppData\Roaming\.majestycraft\libraries\com\google\errorprone\error_prone_annotations\2.41.0\error_prone_annotations-2.41.0.jar exists. Checksum valid.
Considering library com.google.j2objc:j2objc-annotations:3.1
File C:\Users\ramse\AppData\Roaming\.majestycraft\libraries\com\google\j2objc\j2objc-annotations\3.1\j2objc-annotations-3.1.jar exists. Checksum valid.
Considering library org.codehaus.plexus:plexus-utils:3.5.1
File C:\Users\ramse\AppData\Roaming\.majestycraft\libraries\org\codehaus\plexus\plexus-utils\3.5.1\plexus-utils-3.5.1.jar exists. Checksum valid.
Considering library net.neoforged.fancymodloader:earlydisplay:10.0.36
File C:\Users\ramse\AppData\Roaming\.majestycraft\libraries\net\neoforged\fancymodloader\earlydisplay\10.0.36\earlydisplay-10.0.36.jar exists. Checksum valid.
Considering library net.neoforged.fancymodloader:loader:10.0.36
File C:\Users\ramse\AppData\Roaming\.majestycraft\libraries\net\neoforged\fancymodloader\loader\10.0.36\loader-10.0.36.jar exists. Checksum valid.
Considering library net.neoforged:accesstransformers:11.0.2
File C:\Users\ramse\AppData\Roaming\.majestycraft\libraries\net\neoforged\accesstransformers\11.0.2\accesstransformers-11.0.2.jar exists. Checksum valid.
Considering library org.ow2.asm:asm-commons:9.8
File C:\Users\ramse\AppData\Roaming\.majestycraft\libraries\org\ow2\asm\asm-commons\9.8\asm-commons-9.8.jar exists. Checksum valid.
Considering library net.neoforged:mergetool:2.0.0:api
File C:\Users\ramse\AppData\Roaming\.majestycraft\libraries\net\neoforged\mergetool\2.0.0\mergetool-2.0.0-api.jar exists. Checksum valid.
Considering library org.ow2.asm:asm-util:9.8
File C:\Users\ramse\AppData\Roaming\.majestycraft\libraries\org\ow2\asm\asm-util\9.8\asm-util-9.8.jar exists. Checksum valid.
Considering library org.ow2.asm:asm-analysis:9.8
File C:\Users\ramse\AppData\Roaming\.majestycraft\libraries\org\ow2\asm\asm-analysis\9.8\asm-analysis-9.8.jar exists. Checksum valid.
Considering library org.ow2.asm:asm-tree:9.8
File C:\Users\ramse\AppData\Roaming\.majestycraft\libraries\org\ow2\asm\asm-tree\9.8\asm-tree-9.8.jar exists. Checksum valid.
Considering library net.neoforged:bus:8.0.5
File C:\Users\ramse\AppData\Roaming\.majestycraft\libraries\net\neoforged\bus\8.0.5\bus-8.0.5.jar exists. Checksum valid.
Considering library org.ow2.asm:asm:9.8
File C:\Users\ramse\AppData\Roaming\.majestycraft\libraries\org\ow2\asm\asm\9.8\asm-9.8.jar exists. Checksum valid.
Considering library com.electronwill.night-config:toml:3.8.3
File C:\Users\ramse\AppData\Roaming\.majestycraft\libraries\com\electronwill\night-config\toml\3.8.3\toml-3.8.3.jar exists. Checksum valid.
Considering library com.electronwill.night-config:core:3.8.3
File C:\Users\ramse\AppData\Roaming\.majestycraft\libraries\com\electronwill\night-config\core\3.8.3\core-3.8.3.jar exists. Checksum valid.
Considering library net.neoforged:JarJarSelector:0.5.0
File C:\Users\ramse\AppData\Roaming\.majestycraft\libraries\net\neoforged\JarJarSelector\0.5.0\JarJarSelector-0.5.0.jar exists. Checksum valid.
Considering library net.neoforged:JarJarMetadata:0.5.0
File C:\Users\ramse\AppData\Roaming\.majestycraft\libraries\net\neoforged\JarJarMetadata\0.5.0\JarJarMetadata-0.5.0.jar exists. Checksum valid.
Considering library org.apache.maven:maven-artifact:3.9.9
File C:\Users\ramse\AppData\Roaming\.majestycraft\libraries\org\apache\maven\maven-artifact\3.9.9\maven-artifact-3.9.9.jar exists. Checksum valid.
Considering library net.jodah:typetools:0.6.3
File C:\Users\ramse\AppData\Roaming\.majestycraft\libraries\net\jodah\typetools\0.6.3\typetools-0.6.3.jar exists. Checksum valid.
Considering library net.minecrell:terminalconsoleappender:1.3.0
File C:\Users\ramse\AppData\Roaming\.majestycraft\libraries\net\minecrell\terminalconsoleappender\1.3.0\terminalconsoleappender-1.3.0.jar exists. Checksum valid.
Considering library net.fabricmc:sponge-mixin:0.16.5+mixin.0.8.7
File C:\Users\ramse\AppData\Roaming\.majestycraft\libraries\net\fabricmc\sponge-mixin\0.16.5+mixin.0.8.7\sponge-mixin-0.16.5+mixin.0.8.7.jar exists. Checksum valid.
Considering library net.neoforged.accesstransformers:at-parser:11.0.2
File C:\Users\ramse\AppData\Roaming\.majestycraft\libraries\net\neoforged\accesstransformers\at-parser\11.0.2\at-parser-11.0.2.jar exists. Checksum valid.
Considering library org.jline:jline-reader:3.20.0
File C:\Users\ramse\AppData\Roaming\.majestycraft\libraries\org\jline\jline-reader\3.20.0\jline-reader-3.20.0.jar exists. Checksum valid.
Considering library org.jline:jline-terminal:3.20.0
File C:\Users\ramse\AppData\Roaming\.majestycraft\libraries\org\jline\jline-terminal\3.20.0\jline-terminal-3.20.0.jar exists. Checksum valid.
Considering library org.lwjgl:lwjgl-tinyfd:3.3.3
File C:\Users\ramse\AppData\Roaming\.majestycraft\libraries\org\lwjgl\lwjgl-tinyfd\3.3.3\lwjgl-tinyfd-3.3.3.jar exists. Checksum valid.
Considering library org.lwjgl:lwjgl:3.3.3
File C:\Users\ramse\AppData\Roaming\.majestycraft\libraries\org\lwjgl\lwjgl\3.3.3\lwjgl-3.3.3.jar exists. Checksum valid.
Considering library net.minecraftforge:srgutils:0.4.15
File C:\Users\ramse\AppData\Roaming\.majestycraft\libraries\net\minecraftforge\srgutils\0.4.15\srgutils-0.4.15.jar exists. Checksum valid.
Considering library com.google.guava:listenablefuture:9999.0-empty-to-avoid-conflict-with-guava
File C:\Users\ramse\AppData\Roaming\.majestycraft\libraries\com\google\guava\listenablefuture\9999.0-empty-to-avoid-conflict-with-guava\listenablefuture-9999.0-empty-to-avoid-conflict-with-guava.jar exists. Checksum valid.
Considering library com.google.errorprone:error_prone_annotations:2.41.0
File C:\Users\ramse\AppData\Roaming\.majestycraft\libraries\com\google\errorprone\error_prone_annotations\2.41.0\error_prone_annotations-2.41.0.jar exists. Checksum valid.
Considering library com.google.j2objc:j2objc-annotations:3.1
File C:\Users\ramse\AppData\Roaming\.majestycraft\libraries\com\google\j2objc\j2objc-annotations\3.1\j2objc-annotations-3.1.jar exists. Checksum valid.
Considering library org.codehaus.plexus:plexus-utils:3.5.1
File C:\Users\ramse\AppData\Roaming\.majestycraft\libraries\org\codehaus\plexus\plexus-utils\3.5.1\plexus-utils-3.5.1.jar exists. Checksum valid.
Considering library net.neoforged:neoform:1.21.11-20251209.172050:mappings@tsrg.lzma
Downloading library from https://maven.neoforged.net/releases/net/neoforged/neoform/1.21.11-20251209.172050/neoform-1.21.11-20251209.172050-mappings.tsrg.lzma
	Download completed: Checksum validated.
Considering library net.neoforged.installertools:installertools:4.0.6:fatjar
Downloading library from https://maven.neoforged.net/releases/net/neoforged/installertools/installertools/4.0.6/installertools-4.0.6-fatjar.jar
	Download completed: Checksum validated.
Considering library net.neoforged:neoforge:21.11.40-beta:universal
Downloading library from https://maven.neoforged.net/releases/net/neoforged/neoforge/21.11.40-beta/neoforge-21.11.40-beta-universal.jar
	Download completed: Checksum validated.
Created Temporary Directory: C:\Users\ramse\AppData\Local\Temp\neoforge_installer5558400132837582780
  Extracting: /data/client.lzma
Building Processors
===============================================================================
Processor: net.neoforged.installertools:installertools -> DOWNLOAD_MOJMAPS
  MainClass: net.neoforged.installertools.ConsoleTool
  Classpath:
    C:\Users\ramse\AppData\Roaming\.majestycraft\libraries\net\neoforged\installertools\installertools\4.0.6\installertools-4.0.6-fatjar.jar
    C:\Users\ramse\AppData\Roaming\.majestycraft\libraries\net\neoforged\installertools\installertools\4.0.6\installertools-4.0.6-fatjar.jar
  Args: --task, DOWNLOAD_MOJMAPS, --version, 1.21.11, --side, client, --output, C:\Users\ramse\AppData\Roaming\.majestycraft\libraries\net\minecraft\client\1.21.11\client-1.21.11-mappings.txt
Task: DOWNLOAD_MOJMAPS
MC Version: 1.21.11
Side:       client
Output:     C:\Users\ramse\AppData\Roaming\.majestycraft\libraries\net\minecraft\client\1.21.11\client-1.21.11-mappings.txt
Downloaded Mojang mappings for 1.21.11
===============================================================================
Processor: net.neoforged.installertools:installertools -> PROCESS_MINECRAFT_JAR
  MainClass: net.neoforged.installertools.ConsoleTool
  Classpath:
    C:\Users\ramse\AppData\Roaming\.majestycraft\libraries\net\neoforged\installertools\installertools\4.0.6\installertools-4.0.6-fatjar.jar
    C:\Users\ramse\AppData\Roaming\.majestycraft\libraries\net\neoforged\installertools\installertools\4.0.6\installertools-4.0.6-fatjar.jar
  Args: --task, PROCESS_MINECRAFT_JAR, --input, C:\Users\ramse\AppData\Roaming\.majestycraft\versions\1.21.11\1.21.11.jar, --input-mappings, C:\Users\ramse\AppData\Roaming\.majestycraft\libraries\net\minecraft\client\1.21.11\client-1.21.11-mappings.txt, --output, C:\Users\ramse\AppData\Roaming\.majestycraft\libraries\net\neoforged\minecraft-client-patched\21.11.40-beta\minecraft-client-patched-21.11.40-beta.jar, --extract-libraries-to, C:\Users\ramse\AppData\Roaming\.majestycraft/libraries/, --neoform-data, C:\Users\ramse\AppData\Roaming\.majestycraft\libraries\net\neoforged\neoform\1.21.11-20251209.172050\neoform-1.21.11-20251209.172050-mappings.tsrg.lzma, --apply-patches, C:\Users\ramse\AppData\Local\Temp\neoforge_installer5558400132837582780\data\client.lzma
Task: PROCESS_MINECRAFT_JAR
load parameter mappings [438ms]
load patch bundle [461ms]
load input zip [698ms]
load mappings [754ms]
merge mappings [178ms]
Adding Libraries to Inheritance
Processor: net.neoforged.installertools:installertools -> PROCESS_MINECRAFT_JAR: Processing entries
Adding input to inheritance map
Processing 28163 entries
Adding extras
Sorting
deobfuscate jar [1300ms]
applying patches [242ms]
write output file [1414ms]
overall work [3900ms]
Injecting profile
Successfully installed client into launcher.
You can delete this installer file now if you wish
